# JRE version: OpenJDK Runtime Environment Temurin-17.0.11+9 (17.0.11+9) (build 17.0.11+9)
# Java VM: OpenJDK 64-Bit Server VM Temurin-17.0.11+9 (17.0.11+9, mixed mode, emulated-client, tiered, compressed oops, compressed class ptrs, g1 gc, windows-amd64)
GC Precious Log:
 CPUs: 4 total, 4 available
 Memory: 3953M
 Large Page Support: Disabled
 NUMA Support: Disabled
 Compressed Oops: Enabled (32-bit)
 Heap Region Size: 1M
 Heap Min Capacity: 8M
 Heap Initial Capacity: 62M
 Heap Max Capacity: 1G
 Pre-touch: Disabled
 Parallel Workers: 4
 Concurrent Workers: 1
 Concurrent Refinement Workers: 4
 Periodic GC: Disabled
Heap:
 garbage-first heap   total 76800K, used 26820K [0x00000000c0000000, 0x0000000100000000)
  region size 1024K, 1 young (1024K), 0 survivors (0K)
 Metaspace       used 48306K, committed 48896K, reserved 1114112K
  class space    used 6247K, committed 6464K, reserved 1048576K
GC Heap History (20 events):
Event: 5580.556 GC heap before
{Heap before GC invocations=459 (full 445):
 garbage-first heap   total 76800K, used 26819K [0x00000000c0000000, 0x0000000100000000)
  region size 1024K, 1 young (1024K), 0 survivors (0K)
 Metaspace       used 48306K, committed 48896K, reserved 1114112K
  class space    used 6247K, committed 6464K, reserved 1048576K
}
Event: 5580.601 GC heap after
{Heap after GC invocations=460 (full 446):
 garbage-first heap   total 76800K, used 26819K [0x00000000c0000000, 0x0000000100000000)
  region size 1024K, 0 young (0K), 0 survivors (0K)
 Metaspace       used 48306K, committed 48896K, reserved 1114112K
  class space    used 6247K, committed 6464K, reserved 1048576K
}
Event: 5591.323 GC heap before
{Heap before GC invocations=460 (full 446):
 garbage-first heap   total 76800K, used 26819K [0x00000000c0000000, 0x0000000100000000)
  region size 1024K, 1 young (1024K), 0 survivors (0K)
 Metaspace       used 48306K, committed 48896K, reserved 1114112K
  class space    used 6247K, committed 6464K, reserved 1048576K
}
Event: 5591.366 GC heap after
{Heap after GC invocations=461 (full 447):
 garbage-first heap   total 76800K, used 26819K [0x00000000c0000000, 0x0000000100000000)
  region size 1024K, 0 young (0K), 0 survivors (0K)
 Metaspace       used 48306K, committed 48896K, reserved 1114112K
  class space    used 6247K, committed 6464K, reserved 1048576K
}
Event: 5601.857 GC heap before
{Heap before GC invocations=461 (full 447):
 garbage-first heap   total 76800K, used 26819K [0x00000000c0000000, 0x0000000100000000)
  region size 1024K, 1 young (1024K), 0 survivors (0K)
 Metaspace       used 48306K, committed 48896K, reserved 1114112K
  class space    used 6247K, committed 6464K, reserved 1048576K
}
Event: 5601.900 GC heap after
{Heap after GC invocations=462 (full 448):
 garbage-first heap   total 76800K, used 26819K [0x00000000c0000000, 0x0000000100000000)
  region size 1024K, 0 young (0K), 0 survivors (0K)
 Metaspace       used 48306K, committed 48896K, reserved 1114112K
  class space    used 6247K, committed 6464K, reserved 1048576K
}
Event: 5612.235 GC heap before
{Heap before GC invocations=462 (full 448):
 garbage-first heap   total 76800K, used 26819K [0x00000000c0000000, 0x0000000100000000)
  region size 1024K, 1 young (1024K), 0 survivors (0K)
 Metaspace       used 48306K, committed 48896K, reserved 1114112K
  class space    used 6247K, committed 6464K, reserved 1048576K
}
Event: 5612.276 GC heap after
{Heap after GC invocations=463 (full 449):
 garbage-first heap   total 76800K, used 26819K [0x00000000c0000000, 0x0000000100000000)
  region size 1024K, 0 young (0K), 0 survivors (0K)
 Metaspace       used 48306K, committed 48896K, reserved 1114112K
  class space    used 6247K, committed 6464K, reserved 1048576K
}
Event: 5622.841 GC heap before
{Heap before GC invocations=463 (full 449):
 garbage-first heap   total 76800K, used 26819K [0x00000000c0000000, 0x0000000100000000)
  region size 1024K, 1 young (1024K), 0 survivors (0K)
 Metaspace       used 48306K, committed 48896K, reserved 1114112K
  class space    used 6247K, committed 6464K, reserved 1048576K
}
Event: 5622.911 GC heap after
{Heap after GC invocations=464 (full 450):
 garbage-first heap   total 76800K, used 26819K [0x00000000c0000000, 0x0000000100000000)
  region size 1024K, 0 young (0K), 0 survivors (0K)
 Metaspace       used 48306K, committed 48896K, reserved 1114112K
  class space    used 6247K, committed 6464K, reserved 1048576K
}
Event: 5633.124 GC heap before
{Heap before GC invocations=464 (full 450):
 garbage-first heap   total 76800K, used 26819K [0x00000000c0000000, 0x0000000100000000)
  region size 1024K, 1 young (1024K), 0 survivors (0K)
 Metaspace       used 48306K, committed 48896K, reserved 1114112K
  class space    used 6247K, committed 6464K, reserved 1048576K
}
Event: 5633.168 GC heap after
{Heap after GC invocations=465 (full 451):
 garbage-first heap   total 76800K, used 26819K [0x00000000c0000000, 0x0000000100000000)
  region size 1024K, 0 young (0K), 0 survivors (0K)
 Metaspace       used 48306K, committed 48896K, reserved 1114112K
  class space    used 6247K, committed 6464K, reserved 1048576K
}
Event: 5644.147 GC heap before
{Heap before GC invocations=465 (full 451):
 garbage-first heap   total 76800K, used 26819K [0x00000000c0000000, 0x0000000100000000)
  region size 1024K, 1 young (1024K), 0 survivors (0K)
 Metaspace       used 48306K, committed 48896K, reserved 1114112K
  class space    used 6247K, committed 6464K, reserved 1048576K
}
Event: 5644.199 GC heap after
{Heap after GC invocations=466 (full 452):
 garbage-first heap   total 76800K, used 26820K [0x00000000c0000000, 0x0000000100000000)
  region size 1024K, 0 young (0K), 0 survivors (0K)
 Metaspace       used 48306K, committed 48896K, reserved 1114112K
  class space    used 6247K, committed 6464K, reserved 1048576K
}
Event: 5684.624 GC heap before
{Heap before GC invocations=466 (full 452):
 garbage-first heap   total 76800K, used 26820K [0x00000000c0000000, 0x0000000100000000)
  region size 1024K, 1 young (1024K), 0 survivors (0K)
 Metaspace       used 48306K, committed 48896K, reserved 1114112K
  class space    used 6247K, committed 6464K, reserved 1048576K
}
Event: 5684.671 GC heap after
{Heap after GC invocations=467 (full 453):
 garbage-first heap   total 76800K, used 26820K [0x00000000c0000000, 0x0000000100000000)
  region size 1024K, 0 young (0K), 0 survivors (0K)
 Metaspace       used 48306K, committed 48896K, reserved 1114112K
  class space    used 6247K, committed 6464K, reserved 1048576K
}
Event: 5694.982 GC heap before
{Heap before GC invocations=467 (full 453):
 garbage-first heap   total 76800K, used 26820K [0x00000000c0000000, 0x0000000100000000)
  region size 1024K, 1 young (1024K), 0 survivors (0K)
 Metaspace       used 48306K, committed 48896K, reserved 1114112K
  class space    used 6247K, committed 6464K, reserved 1048576K
}
Event: 5695.030 GC heap after
{Heap after GC invocations=468 (full 454):
 garbage-first heap   total 76800K, used 26820K [0x00000000c0000000, 0x0000000100000000)
  region size 1024K, 0 young (0K), 0 survivors (0K)
 Metaspace       used 48306K, committed 48896K, reserved 1114112K
  class space    used 6247K, committed 6464K, reserved 1048576K
}
Event: 5705.327 GC heap before
{Heap before GC invocations=468 (full 454):
 garbage-first heap   total 76800K, used 26820K [0x00000000c0000000, 0x0000000100000000)
  region size 1024K, 1 young (1024K), 0 survivors (0K)
 Metaspace       used 48306K, committed 48896K, reserved 1114112K
  class space    used 6247K, committed 6464K, reserved 1048576K
}
Event: 5705.382 GC heap after
{Heap after GC invocations=469 (full 455):
 garbage-first heap   total 76800K, used 26820K [0x00000000c0000000, 0x0000000100000000)
  region size 1024K, 0 young (0K), 0 survivors (0K)
 Metaspace       used 48306K, committed 48896K, reserved 1114112K
  class space    used 6247K, committed 6464K, reserved 1048576K
}

